# JRE version: OpenJDK Runtime Environment Temurin-21.0.9+10 (21.0.9+10) (build 21.0.9+10-LTS)
# Java VM: OpenJDK 64-Bit Server VM Temurin-21.0.9+10 (21.0.9+10-LTS, mixed mode, sharing, tiered, compressed oops, compressed class ptrs, parallel gc, windows-amd64)
GC Precious Log:
 CardTable entry size: 512
 CPUs: 16 total, 16 available
 Memory: 16202M
 Large Page Support: Disabled
 NUMA Support: Disabled
 Compressed Oops: Enabled (32-bit)
 Alignments: Space 512K, Generation 512K, Heap 2M
 Heap Min Capacity: 100M
 Heap Initial Capacity: 100M
 Heap Max Capacity: 2G
 Pre-touch: Disabled
 Parallel Workers: 13
Heap:
 PSYoungGen      total 16384K, used 9588K [0x00000000d5580000, 0x00000000d6800000, 0x0000000100000000)
  eden space 14336K, 53% used [0x00000000d5580000,0x00000000d5cff018,0x00000000d6380000)
  from space 2048K, 93% used [0x00000000d6600000,0x00000000d67de058,0x00000000d6800000)
  to   space 2048K, 0% used [0x00000000d6400000,0x00000000d6400000,0x00000000d6600000)
 ParOldGen       total 83968K, used 83930K [0x0000000080000000, 0x0000000085200000, 0x00000000d5580000)
  object space 83968K, 99% used [0x0000000080000000,0x00000000851f6be0,0x0000000085200000)
 Metaspace       used 64868K, committed 66304K, reserved 1114112K
  class space    used 6679K, committed 7296K, reserved 1048576K
GC Heap History (20 events):
Event: 12.423 GC heap before
{Heap before GC invocations=97 (full 3):
 PSYoungGen      total 15872K, used 15582K [0x00000000d5580000, 0x00000000d6700000, 0x0000000100000000)
  eden space 14848K, 100% used [0x00000000d5580000,0x00000000d6400000,0x00000000d6400000)
  from space 1024K, 71% used [0x00000000d6500000,0x00000000d65b7aa8,0x00000000d6600000)
  to   space 1024K, 0% used [0x00000000d6600000,0x00000000d6600000,0x00000000d6700000)
 ParOldGen       total 72704K, used 72380K [0x0000000080000000, 0x0000000084700000, 0x00000000d5580000)
  object space 72704K, 99% used [0x0000000080000000,0x00000000846af3d8,0x0000000084700000)
 Metaspace       used 63772K, committed 65216K, reserved 1114112K
  class space    used 6659K, committed 7296K, reserved 1048576K
}
Event: 12.424 GC heap after
{Heap after GC invocations=97 (full 3):
 PSYoungGen      total 15872K, used 770K [0x00000000d5580000, 0x00000000d6700000, 0x0000000100000000)
  eden space 14848K, 0% used [0x00000000d5580000,0x00000000d5580000,0x00000000d6400000)
  from space 1024K, 75% used [0x00000000d6600000,0x00000000d66c08c8,0x00000000d6700000)
  to   space 1024K, 0% used [0x00000000d6500000,0x00000000d6500000,0x00000000d6600000)
 ParOldGen       total 72704K, used 72532K [0x0000000080000000, 0x0000000084700000, 0x00000000d5580000)
  object space 72704K, 99% used [0x0000000080000000,0x00000000846d53d8,0x0000000084700000)
 Metaspace       used 63772K, committed 65216K, reserved 1114112K
  class space    used 6659K, committed 7296K, reserved 1048576K
}
Event: 12.502 GC heap before
{Heap before GC invocations=98 (full 3):
 PSYoungGen      total 15872K, used 15618K [0x00000000d5580000, 0x00000000d6700000, 0x0000000100000000)
  eden space 14848K, 100% used [0x00000000d5580000,0x00000000d6400000,0x00000000d6400000)
  from space 1024K, 75% used [0x00000000d6600000,0x00000000d66c08c8,0x00000000d6700000)
  to   space 1024K, 0% used [0x00000000d6500000,0x00000000d6500000,0x00000000d6600000)
 ParOldGen       total 72704K, used 72532K [0x0000000080000000, 0x0000000084700000, 0x00000000d5580000)
  object space 72704K, 99% used [0x0000000080000000,0x00000000846d53d8,0x0000000084700000)
 Metaspace       used 63896K, committed 65344K, reserved 1114112K
  class space    used 6661K, committed 7296K, reserved 1048576K
}
Event: 12.504 GC heap after
{Heap after GC invocations=98 (full 3):
 PSYoungGen      total 15872K, used 998K [0x00000000d5580000, 0x00000000d6a00000, 0x0000000100000000)
  eden space 14848K, 0% used [0x00000000d5580000,0x00000000d5580000,0x00000000d6400000)
  from space 1024K, 97% used [0x00000000d6500000,0x00000000d65f9ac8,0x00000000d6600000)
  to   space 3072K, 0% used [0x00000000d6700000,0x00000000d6700000,0x00000000d6a00000)
 ParOldGen       total 74240K, used 74139K [0x0000000080000000, 0x0000000084880000, 0x00000000d5580000)
  object space 74240K, 99% used [0x0000000080000000,0x0000000084866c60,0x0000000084880000)
 Metaspace       used 63896K, committed 65344K, reserved 1114112K
  class space    used 6661K, committed 7296K, reserved 1048576K
}
Event: 12.596 GC heap before
{Heap before GC invocations=99 (full 3):
 PSYoungGen      total 15872K, used 15846K [0x00000000d5580000, 0x00000000d6a00000, 0x0000000100000000)
  eden space 14848K, 100% used [0x00000000d5580000,0x00000000d6400000,0x00000000d6400000)
  from space 1024K, 97% used [0x00000000d6500000,0x00000000d65f9ac8,0x00000000d6600000)
  to   space 3072K, 0% used [0x00000000d6700000,0x00000000d6700000,0x00000000d6a00000)
 ParOldGen       total 74240K, used 74139K [0x0000000080000000, 0x0000000084880000, 0x00000000d5580000)
  object space 74240K, 99% used [0x0000000080000000,0x0000000084866c60,0x0000000084880000)
 Metaspace       used 64093K, committed 65600K, reserved 1114112K
  class space    used 6661K, committed 7296K, reserved 1048576K
}
Event: 12.597 GC heap after
{Heap after GC invocations=99 (full 3):
 PSYoungGen      total 16384K, used 1284K [0x00000000d5580000, 0x00000000d6880000, 0x0000000100000000)
  eden space 14848K, 0% used [0x00000000d5580000,0x00000000d5580000,0x00000000d6400000)
  from space 1536K, 83% used [0x00000000d6700000,0x00000000d6841210,0x00000000d6880000)
  to   space 2048K, 0% used [0x00000000d6480000,0x00000000d6480000,0x00000000d6680000)
 ParOldGen       total 74752K, used 74632K [0x0000000080000000, 0x0000000084900000, 0x00000000d5580000)
  object space 74752K, 99% used [0x0000000080000000,0x00000000848e23c0,0x0000000084900000)
 Metaspace       used 64093K, committed 65600K, reserved 1114112K
  class space    used 6661K, committed 7296K, reserved 1048576K
}
Event: 12.690 GC heap before
{Heap before GC invocations=100 (full 3):
 PSYoungGen      total 16384K, used 16132K [0x00000000d5580000, 0x00000000d6880000, 0x0000000100000000)
  eden space 14848K, 100% used [0x00000000d5580000,0x00000000d6400000,0x00000000d6400000)
  from space 1536K, 83% used [0x00000000d6700000,0x00000000d6841210,0x00000000d6880000)
  to   space 2048K, 0% used [0x00000000d6480000,0x00000000d6480000,0x00000000d6680000)
 ParOldGen       total 74752K, used 74632K [0x0000000080000000, 0x0000000084900000, 0x00000000d5580000)
  object space 74752K, 99% used [0x0000000080000000,0x00000000848e23c0,0x0000000084900000)
 Metaspace       used 64184K, committed 65664K, reserved 1114112K
  class space    used 6669K, committed 7296K, reserved 1048576K
}
Event: 12.692 GC heap after
{Heap after GC invocations=100 (full 3):
 PSYoungGen      total 16896K, used 1872K [0x00000000d5580000, 0x00000000d6800000, 0x0000000100000000)
  eden space 14848K, 0% used [0x00000000d5580000,0x00000000d5580000,0x00000000d6400000)
  from space 2048K, 91% used [0x00000000d6480000,0x00000000d6654018,0x00000000d6680000)
  to   space 1536K, 0% used [0x00000000d6680000,0x00000000d6680000,0x00000000d6800000)
 ParOldGen       total 75776K, used 75737K [0x0000000080000000, 0x0000000084a00000, 0x00000000d5580000)
  object space 75776K, 99% used [0x0000000080000000,0x00000000849f6568,0x0000000084a00000)
 Metaspace       used 64184K, committed 65664K, reserved 1114112K
  class space    used 6669K, committed 7296K, reserved 1048576K
}
Event: 12.754 GC heap before
{Heap before GC invocations=101 (full 3):
 PSYoungGen      total 16896K, used 16720K [0x00000000d5580000, 0x00000000d6800000, 0x0000000100000000)
  eden space 14848K, 100% used [0x00000000d5580000,0x00000000d6400000,0x00000000d6400000)
  from space 2048K, 91% used [0x00000000d6480000,0x00000000d6654018,0x00000000d6680000)
  to   space 1536K, 0% used [0x00000000d6680000,0x00000000d6680000,0x00000000d6800000)
 ParOldGen       total 75776K, used 75737K [0x0000000080000000, 0x0000000084a00000, 0x00000000d5580000)
  object space 75776K, 99% used [0x0000000080000000,0x00000000849f6568,0x0000000084a00000)
 Metaspace       used 64294K, committed 65792K, reserved 1114112K
  class space    used 6675K, committed 7296K, reserved 1048576K
}
Event: 12.755 GC heap after
{Heap after GC invocations=101 (full 3):
 PSYoungGen      total 16384K, used 1172K [0x00000000d5580000, 0x00000000d6800000, 0x0000000100000000)
  eden space 14848K, 0% used [0x00000000d5580000,0x00000000d5580000,0x00000000d6400000)
  from space 1536K, 76% used [0x00000000d6680000,0x00000000d67a53a0,0x00000000d6800000)
  to   space 1536K, 0% used [0x00000000d6500000,0x00000000d6500000,0x00000000d6680000)
 ParOldGen       total 76288K, used 76283K [0x0000000080000000, 0x0000000084a80000, 0x00000000d5580000)
  object space 76288K, 99% used [0x0000000080000000,0x0000000084a7ec80,0x0000000084a80000)
 Metaspace       used 64294K, committed 65792K, reserved 1114112K
  class space    used 6675K, committed 7296K, reserved 1048576K
}
Event: 12.838 GC heap before
{Heap before GC invocations=102 (full 3):
 PSYoungGen      total 16384K, used 16020K [0x00000000d5580000, 0x00000000d6800000, 0x0000000100000000)
  eden space 14848K, 100% used [0x00000000d5580000,0x00000000d6400000,0x00000000d6400000)
  from space 1536K, 76% used [0x00000000d6680000,0x00000000d67a53a0,0x00000000d6800000)
  to   space 1536K, 0% used [0x00000000d6500000,0x00000000d6500000,0x00000000d6680000)
 ParOldGen       total 76288K, used 76283K [0x0000000080000000, 0x0000000084a80000, 0x00000000d5580000)
  object space 76288K, 99% used [0x0000000080000000,0x0000000084a7ec80,0x0000000084a80000)
 Metaspace       used 64409K, committed 65920K, reserved 1114112K
  class space    used 6677K, committed 7296K, reserved 1048576K
}
Event: 12.840 GC heap after
{Heap after GC invocations=102 (full 3):
 PSYoungGen      total 16384K, used 1533K [0x00000000d5580000, 0x00000000d6b00000, 0x0000000100000000)
  eden space 14848K, 0% used [0x00000000d5580000,0x00000000d5580000,0x00000000d6400000)
  from space 1536K, 99% used [0x00000000d6500000,0x00000000d667f4d0,0x00000000d6680000)
  to   space 3584K, 0% used [0x00000000d6780000,0x00000000d6780000,0x00000000d6b00000)
 ParOldGen       total 78336K, used 77934K [0x0000000080000000, 0x0000000084c80000, 0x00000000d5580000)
  object space 78336K, 99% used [0x0000000080000000,0x0000000084c1b9d8,0x0000000084c80000)
 Metaspace       used 64409K, committed 65920K, reserved 1114112K
  class space    used 6677K, committed 7296K, reserved 1048576K
}
Event: 12.911 GC heap before
{Heap before GC invocations=103 (full 3):
 PSYoungGen      total 16384K, used 16381K [0x00000000d5580000, 0x00000000d6b00000, 0x0000000100000000)
  eden space 14848K, 100% used [0x00000000d5580000,0x00000000d6400000,0x00000000d6400000)
  from space 1536K, 99% used [0x00000000d6500000,0x00000000d667f4d0,0x00000000d6680000)
  to   space 3584K, 0% used [0x00000000d6780000,0x00000000d6780000,0x00000000d6b00000)
 ParOldGen       total 78336K, used 77934K [0x0000000080000000, 0x0000000084c80000, 0x00000000d5580000)
  object space 78336K, 99% used [0x0000000080000000,0x0000000084c1b9d8,0x0000000084c80000)
 Metaspace       used 64520K, committed 65984K, reserved 1114112K
  class space    used 6678K, committed 7296K, reserved 1048576K
}
Event: 12.913 GC heap after
{Heap after GC invocations=103 (full 3):
 PSYoungGen      total 16896K, used 1764K [0x00000000d5580000, 0x00000000d6980000, 0x0000000100000000)
  eden space 14848K, 0% used [0x00000000d5580000,0x00000000d5580000,0x00000000d6400000)
  from space 2048K, 86% used [0x00000000d6780000,0x00000000d6939210,0x00000000d6980000)
  to   space 2560K, 0% used [0x00000000d6480000,0x00000000d6480000,0x00000000d6700000)
 ParOldGen       total 79360K, used 79276K [0x0000000080000000, 0x0000000084d80000, 0x00000000d5580000)
  object space 79360K, 99% used [0x0000000080000000,0x0000000084d6b058,0x0000000084d80000)
 Metaspace       used 64520K, committed 65984K, reserved 1114112K
  class space    used 6678K, committed 7296K, reserved 1048576K
}
Event: 12.967 GC heap before
{Heap before GC invocations=104 (full 3):
 PSYoungGen      total 16896K, used 16612K [0x00000000d5580000, 0x00000000d6980000, 0x0000000100000000)
  eden space 14848K, 100% used [0x00000000d5580000,0x00000000d6400000,0x00000000d6400000)
  from space 2048K, 86% used [0x00000000d6780000,0x00000000d6939210,0x00000000d6980000)
  to   space 2560K, 0% used [0x00000000d6480000,0x00000000d6480000,0x00000000d6700000)
 ParOldGen       total 79360K, used 79276K [0x0000000080000000, 0x0000000084d80000, 0x00000000d5580000)
  object space 79360K, 99% used [0x0000000080000000,0x0000000084d6b058,0x0000000084d80000)
 Metaspace       used 64553K, committed 65984K, reserved 1114112K
  class space    used 6678K, committed 7296K, reserved 1048576K
}
Event: 12.968 GC heap after
{Heap after GC invocations=104 (full 3):
 PSYoungGen      total 15872K, used 692K [0x00000000d5580000, 0x00000000d6800000, 0x0000000100000000)
  eden space 14848K, 0% used [0x00000000d5580000,0x00000000d5580000,0x00000000d6400000)
  from space 1024K, 67% used [0x00000000d6480000,0x00000000d652d200,0x00000000d6580000)
  to   space 1536K, 0% used [0x00000000d6680000,0x00000000d6680000,0x00000000d6800000)
 ParOldGen       total 80896K, used 80431K [0x0000000080000000, 0x0000000084f00000, 0x00000000d5580000)
  object space 80896K, 99% used [0x0000000080000000,0x0000000084e8bfc8,0x0000000084f00000)
 Metaspace       used 64553K, committed 65984K, reserved 1114112K
  class space    used 6678K, committed 7296K, reserved 1048576K
}
Event: 14.110 GC heap before
{Heap before GC invocations=105 (full 3):
 PSYoungGen      total 15872K, used 15540K [0x00000000d5580000, 0x00000000d6800000, 0x0000000100000000)
  eden space 14848K, 100% used [0x00000000d5580000,0x00000000d6400000,0x00000000d6400000)
  from space 1024K, 67% used [0x00000000d6480000,0x00000000d652d200,0x00000000d6580000)
  to   space 1536K, 0% used [0x00000000d6680000,0x00000000d6680000,0x00000000d6800000)
 ParOldGen       total 80896K, used 80431K [0x0000000080000000, 0x0000000084f00000, 0x00000000d5580000)
  object space 80896K, 99% used [0x0000000080000000,0x0000000084e8bfc8,0x0000000084f00000)
 Metaspace       used 64608K, committed 66048K, reserved 1114112K
  class space    used 6679K, committed 7296K, reserved 1048576K
}
Event: 14.111 GC heap after
{Heap after GC invocations=105 (full 3):
 PSYoungGen      total 15872K, used 1515K [0x00000000d5580000, 0x00000000d6a00000, 0x0000000100000000)
  eden space 14336K, 0% used [0x00000000d5580000,0x00000000d5580000,0x00000000d6380000)
  from space 1536K, 98% used [0x00000000d6680000,0x00000000d67facd8,0x00000000d6800000)
  to   space 3072K, 0% used [0x00000000d6380000,0x00000000d6380000,0x00000000d6680000)
 ParOldGen       total 81408K, used 81245K [0x0000000080000000, 0x0000000084f80000, 0x00000000d5580000)
  object space 81408K, 99% used [0x0000000080000000,0x0000000084f576b0,0x0000000084f80000)
 Metaspace       used 64608K, committed 66048K, reserved 1114112K
  class space    used 6679K, committed 7296K, reserved 1048576K
}
Event: 14.187 GC heap before
{Heap before GC invocations=106 (full 3):
 PSYoungGen      total 15872K, used 15851K [0x00000000d5580000, 0x00000000d6a00000, 0x0000000100000000)
  eden space 14336K, 100% used [0x00000000d5580000,0x00000000d6380000,0x00000000d6380000)
  from space 1536K, 98% used [0x00000000d6680000,0x00000000d67facd8,0x00000000d6800000)
  to   space 3072K, 0% used [0x00000000d6380000,0x00000000d6380000,0x00000000d6680000)
 ParOldGen       total 81408K, used 81245K [0x0000000080000000, 0x0000000084f80000, 0x00000000d5580000)
  object space 81408K, 99% used [0x0000000080000000,0x0000000084f576b0,0x0000000084f80000)
 Metaspace       used 64623K, committed 66048K, reserved 1114112K
  class space    used 6679K, committed 7296K, reserved 1048576K
}
Event: 14.189 GC heap after
{Heap after GC invocations=106 (full 3):
 PSYoungGen      total 16896K, used 2174K [0x00000000d5580000, 0x00000000d6880000, 0x0000000100000000)
  eden space 14336K, 0% used [0x00000000d5580000,0x00000000d5580000,0x00000000d6380000)
  from space 2560K, 84% used [0x00000000d6380000,0x00000000d659f9c8,0x00000000d6600000)
  to   space 2560K, 0% used [0x00000000d6600000,0x00000000d6600000,0x00000000d6880000)
 ParOldGen       total 82432K, used 81991K [0x0000000080000000, 0x0000000085080000, 0x00000000d5580000)
  object space 82432K, 99% used [0x0000000080000000,0x0000000085011f18,0x0000000085080000)
 Metaspace       used 64623K, committed 66048K, reserved 1114112K
  class space    used 6679K, committed 7296K, reserved 1048576K
}

