# JRE version: OpenJDK Runtime Environment Temurin-21.0.9+10 (21.0.9+10) (build 21.0.9+10-LTS)
# Java VM: OpenJDK 64-Bit Server VM Temurin-21.0.9+10 (21.0.9+10-LTS, mixed mode, sharing, tiered, compressed oops, compressed class ptrs, parallel gc, windows-amd64)
GC Precious Log:
 CardTable entry size: 512
 CPUs: 16 total, 16 available
 Memory: 16202M
 Large Page Support: Disabled
 NUMA Support: Disabled
 Compressed Oops: Enabled (32-bit)
 Alignments: Space 512K, Generation 512K, Heap 2M
 Heap Min Capacity: 100M
 Heap Initial Capacity: 100M
 Heap Max Capacity: 2G
 Pre-touch: Disabled
 Parallel Workers: 13
Heap:
 PSYoungGen      total 12288K, used 10864K [0x00000000d5580000, 0x00000000d6880000, 0x0000000100000000)
  eden space 8704K, 88% used [0x00000000d5580000,0x00000000d5d0d360,0x00000000d5e00000)
  from space 3584K, 87% used [0x00000000d6500000,0x00000000d680ef20,0x00000000d6880000)
  to   space 4608K, 0% used [0x00000000d5f80000,0x00000000d5f80000,0x00000000d6400000)
 ParOldGen       total 795136K, used 794876K [0x0000000080000000, 0x00000000b0880000, 0x00000000d5580000)
  object space 795136K, 99% used [0x0000000080000000,0x00000000b083f188,0x00000000b0880000)
 Metaspace       used 83003K, committed 84608K, reserved 1179648K
  class space    used 8197K, committed 8896K, reserved 1048576K
GC Heap History (20 events):
Event: 7506.881 GC heap before
{Heap before GC invocations=1051 (full 5):
 PSYoungGen      total 11264K, used 11115K [0x00000000d5580000, 0x00000000d6900000, 0x0000000100000000)
  eden space 8704K, 99% used [0x00000000d5580000,0x00000000d5dffff8,0x00000000d5e00000)
  from space 2560K, 94% used [0x00000000d6680000,0x00000000d68dad30,0x00000000d6900000)
  to   space 4608K, 0% used [0x00000000d6000000,0x00000000d6000000,0x00000000d6480000)
 ParOldGen       total 722432K, used 721983K [0x0000000080000000, 0x00000000ac180000, 0x00000000d5580000)
  object space 722432K, 99% used [0x0000000080000000,0x00000000ac10fdb8,0x00000000ac180000)
 Metaspace       used 82899K, committed 84416K, reserved 1179648K
  class space    used 8197K, committed 8896K, reserved 1048576K
}
Event: 7506.884 GC heap after
{Heap after GC invocations=1051 (full 5):
 PSYoungGen      total 13312K, used 4602K [0x00000000d5580000, 0x00000000d6d00000, 0x0000000100000000)
  eden space 8704K, 0% used [0x00000000d5580000,0x00000000d5580000,0x00000000d5e00000)
  from space 4608K, 99% used [0x00000000d6000000,0x00000000d647e900,0x00000000d6480000)
  to   space 7680K, 0% used [0x00000000d6580000,0x00000000d6580000,0x00000000d6d00000)
 ParOldGen       total 724480K, used 724227K [0x0000000080000000, 0x00000000ac380000, 0x00000000d5580000)
  object space 724480K, 99% used [0x0000000080000000,0x00000000ac340c10,0x00000000ac380000)
 Metaspace       used 82899K, committed 84416K, reserved 1179648K
  class space    used 8197K, committed 8896K, reserved 1048576K
}
Event: 7506.892 GC heap before
{Heap before GC invocations=1052 (full 5):
 PSYoungGen      total 13312K, used 13306K [0x00000000d5580000, 0x00000000d6d00000, 0x0000000100000000)
  eden space 8704K, 100% used [0x00000000d5580000,0x00000000d5e00000,0x00000000d5e00000)
  from space 4608K, 99% used [0x00000000d6000000,0x00000000d647e900,0x00000000d6480000)
  to   space 7680K, 0% used [0x00000000d6580000,0x00000000d6580000,0x00000000d6d00000)
 ParOldGen       total 724480K, used 724227K [0x0000000080000000, 0x00000000ac380000, 0x00000000d5580000)
  object space 724480K, 99% used [0x0000000080000000,0x00000000ac340c10,0x00000000ac380000)
 Metaspace       used 82918K, committed 84416K, reserved 1179648K
  class space    used 8197K, committed 8896K, reserved 1048576K
}
Event: 7506.896 GC heap after
{Heap after GC invocations=1052 (full 5):
 PSYoungGen      total 14848K, used 6080K [0x00000000d5580000, 0x00000000d6b80000, 0x0000000100000000)
  eden space 8704K, 0% used [0x00000000d5580000,0x00000000d5580000,0x00000000d5e00000)
  from space 6144K, 98% used [0x00000000d6580000,0x00000000d6b70000,0x00000000d6b80000)
  to   space 6656K, 0% used [0x00000000d5e80000,0x00000000d5e80000,0x00000000d6500000)
 ParOldGen       total 729088K, used 728751K [0x0000000080000000, 0x00000000ac800000, 0x00000000d5580000)
  object space 729088K, 99% used [0x0000000080000000,0x00000000ac7abe20,0x00000000ac800000)
 Metaspace       used 82918K, committed 84416K, reserved 1179648K
  class space    used 8197K, committed 8896K, reserved 1048576K
}
Event: 7506.963 GC heap before
{Heap before GC invocations=1053 (full 5):
 PSYoungGen      total 14848K, used 14784K [0x00000000d5580000, 0x00000000d6b80000, 0x0000000100000000)
  eden space 8704K, 100% used [0x00000000d5580000,0x00000000d5e00000,0x00000000d5e00000)
  from space 6144K, 98% used [0x00000000d6580000,0x00000000d6b70000,0x00000000d6b80000)
  to   space 6656K, 0% used [0x00000000d5e80000,0x00000000d5e80000,0x00000000d6500000)
 ParOldGen       total 729088K, used 728751K [0x0000000080000000, 0x00000000ac800000, 0x00000000d5580000)
  object space 729088K, 99% used [0x0000000080000000,0x00000000ac7abe20,0x00000000ac800000)
 Metaspace       used 82923K, committed 84416K, reserved 1179648K
  class space    used 8197K, committed 8896K, reserved 1048576K
}
Event: 7506.967 GC heap after
{Heap after GC invocations=1053 (full 5):
 PSYoungGen      total 15360K, used 6636K [0x00000000d5580000, 0x00000000d7b00000, 0x0000000100000000)
  eden space 8704K, 0% used [0x00000000d5580000,0x00000000d5580000,0x00000000d5e00000)
  from space 6656K, 99% used [0x00000000d5e80000,0x00000000d64fb200,0x00000000d6500000)
  to   space 14848K, 0% used [0x00000000d6c80000,0x00000000d6c80000,0x00000000d7b00000)
 ParOldGen       total 735744K, used 735643K [0x0000000080000000, 0x00000000ace80000, 0x00000000d5580000)
  object space 735744K, 99% used [0x0000000080000000,0x00000000ace66fb0,0x00000000ace80000)
 Metaspace       used 82923K, committed 84416K, reserved 1179648K
  class space    used 8197K, committed 8896K, reserved 1048576K
}
Event: 7506.999 GC heap before
{Heap before GC invocations=1054 (full 5):
 PSYoungGen      total 15360K, used 15340K [0x00000000d5580000, 0x00000000d7b00000, 0x0000000100000000)
  eden space 8704K, 100% used [0x00000000d5580000,0x00000000d5e00000,0x00000000d5e00000)
  from space 6656K, 99% used [0x00000000d5e80000,0x00000000d64fb200,0x00000000d6500000)
  to   space 14848K, 0% used [0x00000000d6c80000,0x00000000d6c80000,0x00000000d7b00000)
 ParOldGen       total 735744K, used 735643K [0x0000000080000000, 0x00000000ace80000, 0x00000000d5580000)
  object space 735744K, 99% used [0x0000000080000000,0x00000000ace66fb0,0x00000000ace80000)
 Metaspace       used 82926K, committed 84480K, reserved 1179648K
  class space    used 8197K, committed 8896K, reserved 1048576K
}
Event: 7507.003 GC heap after
{Heap after GC invocations=1054 (full 5):
 PSYoungGen      total 16384K, used 7264K [0x00000000d5580000, 0x00000000d7400000, 0x0000000100000000)
  eden space 8704K, 0% used [0x00000000d5580000,0x00000000d5580000,0x00000000d5e00000)
  from space 7680K, 94% used [0x00000000d6c80000,0x00000000d7398000,0x00000000d7400000)
  to   space 9728K, 0% used [0x00000000d6100000,0x00000000d6100000,0x00000000d6a80000)
 ParOldGen       total 742400K, used 742368K [0x0000000080000000, 0x00000000ad500000, 0x00000000d5580000)
  object space 742400K, 99% used [0x0000000080000000,0x00000000ad4f81b0,0x00000000ad500000)
 Metaspace       used 82926K, committed 84480K, reserved 1179648K
  class space    used 8197K, committed 8896K, reserved 1048576K
}
Event: 7507.019 GC heap before
{Heap before GC invocations=1055 (full 5):
 PSYoungGen      total 16384K, used 15961K [0x00000000d5580000, 0x00000000d7400000, 0x0000000100000000)
  eden space 8704K, 99% used [0x00000000d5580000,0x00000000d5dfe748,0x00000000d5e00000)
  from space 7680K, 94% used [0x00000000d6c80000,0x00000000d7398000,0x00000000d7400000)
  to   space 9728K, 0% used [0x00000000d6100000,0x00000000d6100000,0x00000000d6a80000)
 ParOldGen       total 742400K, used 742368K [0x0000000080000000, 0x00000000ad500000, 0x00000000d5580000)
  object space 742400K, 99% used [0x0000000080000000,0x00000000ad4f81b0,0x00000000ad500000)
 Metaspace       used 82929K, committed 84480K, reserved 1179648K
  class space    used 8197K, committed 8896K, reserved 1048576K
}
Event: 7507.023 GC heap after
{Heap after GC invocations=1055 (full 5):
 PSYoungGen      total 14848K, used 5862K [0x00000000d5580000, 0x00000000d6d00000, 0x0000000100000000)
  eden space 8704K, 0% used [0x00000000d5580000,0x00000000d5580000,0x00000000d5e00000)
  from space 6144K, 95% used [0x00000000d6100000,0x00000000d66b9a68,0x00000000d6700000)
  to   space 6144K, 0% used [0x00000000d6700000,0x00000000d6700000,0x00000000d6d00000)
 ParOldGen       total 749568K, used 749485K [0x0000000080000000, 0x00000000adc00000, 0x00000000d5580000)
  object space 749568K, 99% used [0x0000000080000000,0x00000000adbeb578,0x00000000adc00000)
 Metaspace       used 82929K, committed 84480K, reserved 1179648K
  class space    used 8197K, committed 8896K, reserved 1048576K
}
Event: 7507.032 GC heap before
{Heap before GC invocations=1056 (full 5):
 PSYoungGen      total 14848K, used 14566K [0x00000000d5580000, 0x00000000d6d00000, 0x0000000100000000)
  eden space 8704K, 99% used [0x00000000d5580000,0x00000000d5dffff8,0x00000000d5e00000)
  from space 6144K, 95% used [0x00000000d6100000,0x00000000d66b9a68,0x00000000d6700000)
  to   space 6144K, 0% used [0x00000000d6700000,0x00000000d6700000,0x00000000d6d00000)
 ParOldGen       total 749568K, used 749485K [0x0000000080000000, 0x00000000adc00000, 0x00000000d5580000)
  object space 749568K, 99% used [0x0000000080000000,0x00000000adbeb578,0x00000000adc00000)
 Metaspace       used 82930K, committed 84480K, reserved 1179648K
  class space    used 8197K, committed 8896K, reserved 1048576K
}
Event: 7507.034 GC heap after
{Heap after GC invocations=1056 (full 5):
 PSYoungGen      total 11776K, used 2810K [0x00000000d5580000, 0x00000000d6a00000, 0x0000000100000000)
  eden space 8704K, 0% used [0x00000000d5580000,0x00000000d5580000,0x00000000d5e00000)
  from space 3072K, 91% used [0x00000000d6700000,0x00000000d69bebd8,0x00000000d6a00000)
  to   space 4096K, 0% used [0x00000000d6200000,0x00000000d6200000,0x00000000d6600000)
 ParOldGen       total 755200K, used 755148K [0x0000000080000000, 0x00000000ae180000, 0x00000000d5580000)
  object space 755200K, 99% used [0x0000000080000000,0x00000000ae1733c8,0x00000000ae180000)
 Metaspace       used 82930K, committed 84480K, reserved 1179648K
  class space    used 8197K, committed 8896K, reserved 1048576K
}
Event: 7507.072 GC heap before
{Heap before GC invocations=1057 (full 5):
 PSYoungGen      total 11776K, used 11514K [0x00000000d5580000, 0x00000000d6a00000, 0x0000000100000000)
  eden space 8704K, 99% used [0x00000000d5580000,0x00000000d5dfffd0,0x00000000d5e00000)
  from space 3072K, 91% used [0x00000000d6700000,0x00000000d69bebd8,0x00000000d6a00000)
  to   space 4096K, 0% used [0x00000000d6200000,0x00000000d6200000,0x00000000d6600000)
 ParOldGen       total 786944K, used 785868K [0x0000000080000000, 0x00000000b0080000, 0x00000000d5580000)
  object space 786944K, 99% used [0x0000000080000000,0x00000000aff733f8,0x00000000b0080000)
 Metaspace       used 82939K, committed 84544K, reserved 1179648K
  class space    used 8197K, committed 8896K, reserved 1048576K
}
Event: 7507.074 GC heap after
{Heap after GC invocations=1057 (full 5):
 PSYoungGen      total 9728K, used 960K [0x00000000d5580000, 0x00000000d6780000, 0x0000000100000000)
  eden space 8704K, 0% used [0x00000000d5580000,0x00000000d5580000,0x00000000d5e00000)
  from space 1024K, 93% used [0x00000000d6200000,0x00000000d62f0000,0x00000000d6300000)
  to   space 2048K, 0% used [0x00000000d6580000,0x00000000d6580000,0x00000000d6780000)
 ParOldGen       total 787968K, used 787493K [0x0000000080000000, 0x00000000b0180000, 0x00000000d5580000)
  object space 787968K, 99% used [0x0000000080000000,0x00000000b0109408,0x00000000b0180000)
 Metaspace       used 82939K, committed 84544K, reserved 1179648K
  class space    used 8197K, committed 8896K, reserved 1048576K
}
Event: 7507.549 GC heap before
{Heap before GC invocations=1058 (full 5):
 PSYoungGen      total 9728K, used 9664K [0x00000000d5580000, 0x00000000d6780000, 0x0000000100000000)
  eden space 8704K, 100% used [0x00000000d5580000,0x00000000d5e00000,0x00000000d5e00000)
  from space 1024K, 93% used [0x00000000d6200000,0x00000000d62f0000,0x00000000d6300000)
  to   space 2048K, 0% used [0x00000000d6580000,0x00000000d6580000,0x00000000d6780000)
 ParOldGen       total 787968K, used 787493K [0x0000000080000000, 0x00000000b0180000, 0x00000000d5580000)
  object space 787968K, 99% used [0x0000000080000000,0x00000000b0109408,0x00000000b0180000)
 Metaspace       used 82939K, committed 84544K, reserved 1179648K
  class space    used 8197K, committed 8896K, reserved 1048576K
}
Event: 7507.551 GC heap after
{Heap after GC invocations=1058 (full 5):
 PSYoungGen      total 10752K, used 2032K [0x00000000d5580000, 0x00000000d6780000, 0x0000000100000000)
  eden space 8704K, 0% used [0x00000000d5580000,0x00000000d5580000,0x00000000d5e00000)
  from space 2048K, 99% used [0x00000000d6580000,0x00000000d677c2a8,0x00000000d6780000)
  to   space 4096K, 0% used [0x00000000d5f80000,0x00000000d5f80000,0x00000000d6380000)
 ParOldGen       total 788992K, used 788722K [0x0000000080000000, 0x00000000b0280000, 0x00000000d5580000)
  object space 788992K, 99% used [0x0000000080000000,0x00000000b023cab8,0x00000000b0280000)
 Metaspace       used 82939K, committed 84544K, reserved 1179648K
  class space    used 8197K, committed 8896K, reserved 1048576K
}
Event: 7507.559 GC heap before
{Heap before GC invocations=1059 (full 5):
 PSYoungGen      total 10752K, used 10736K [0x00000000d5580000, 0x00000000d6780000, 0x0000000100000000)
  eden space 8704K, 100% used [0x00000000d5580000,0x00000000d5e00000,0x00000000d5e00000)
  from space 2048K, 99% used [0x00000000d6580000,0x00000000d677c2a8,0x00000000d6780000)
  to   space 4096K, 0% used [0x00000000d5f80000,0x00000000d5f80000,0x00000000d6380000)
 ParOldGen       total 788992K, used 788722K [0x0000000080000000, 0x00000000b0280000, 0x00000000d5580000)
  object space 788992K, 99% used [0x0000000080000000,0x00000000b023cab8,0x00000000b0280000)
 Metaspace       used 82952K, committed 84544K, reserved 1179648K
  class space    used 8197K, committed 8896K, reserved 1048576K
}
Event: 7507.560 GC heap after
{Heap after GC invocations=1059 (full 5):
 PSYoungGen      total 12800K, used 4066K [0x00000000d5580000, 0x00000000d6c00000, 0x0000000100000000)
  eden space 8704K, 0% used [0x00000000d5580000,0x00000000d5580000,0x00000000d5e00000)
  from space 4096K, 99% used [0x00000000d5f80000,0x00000000d6378b60,0x00000000d6380000)
  to   space 7168K, 0% used [0x00000000d6500000,0x00000000d6500000,0x00000000d6c00000)
 ParOldGen       total 791040K, used 790838K [0x0000000080000000, 0x00000000b0480000, 0x00000000d5580000)
  object space 791040K, 99% used [0x0000000080000000,0x00000000b044dae8,0x00000000b0480000)
 Metaspace       used 82952K, committed 84544K, reserved 1179648K
  class space    used 8197K, committed 8896K, reserved 1048576K
}
Event: 7507.569 GC heap before
{Heap before GC invocations=1060 (full 5):
 PSYoungGen      total 12800K, used 12770K [0x00000000d5580000, 0x00000000d6c00000, 0x0000000100000000)
  eden space 8704K, 100% used [0x00000000d5580000,0x00000000d5e00000,0x00000000d5e00000)
  from space 4096K, 99% used [0x00000000d5f80000,0x00000000d6378b60,0x00000000d6380000)
  to   space 7168K, 0% used [0x00000000d6500000,0x00000000d6500000,0x00000000d6c00000)
 ParOldGen       total 791040K, used 790838K [0x0000000080000000, 0x00000000b0480000, 0x00000000d5580000)
  object space 791040K, 99% used [0x0000000080000000,0x00000000b044dae8,0x00000000b0480000)
 Metaspace       used 82966K, committed 84608K, reserved 1179648K
  class space    used 8197K, committed 8896K, reserved 1048576K
}
Event: 7507.571 GC heap after
{Heap after GC invocations=1060 (full 5):
 PSYoungGen      total 12288K, used 3131K [0x00000000d5580000, 0x00000000d6880000, 0x0000000100000000)
  eden space 8704K, 0% used [0x00000000d5580000,0x00000000d5580000,0x00000000d5e00000)
  from space 3584K, 87% used [0x00000000d6500000,0x00000000d680ef20,0x00000000d6880000)
  to   space 4608K, 0% used [0x00000000d5f80000,0x00000000d5f80000,0x00000000d6400000)
 ParOldGen       total 795136K, used 794876K [0x0000000080000000, 0x00000000b0880000, 0x00000000d5580000)
  object space 795136K, 99% used [0x0000000080000000,0x00000000b083f188,0x00000000b0880000)
 Metaspace       used 82966K, committed 84608K, reserved 1179648K
  class space    used 8197K, committed 8896K, reserved 1048576K
}

