# JRE version: Java(TM) SE Runtime Environment (24.0.1+9) (build 24.0.1+9-30)
# Java VM: Java HotSpot(TM) 64-Bit Server VM (24.0.1+9-30, mixed mode, emulated-client, sharing, tiered, compressed oops, compressed class ptrs, g1 gc, windows-amd64)
GC Precious Log:
 CardTable entry size: 512
 Card Set container configuration: InlinePtr #cards 4 size 8 Array Of Cards #cards 16 size 48 Howl #buckets 8 coarsen threshold 3686 Howl Bitmap #cards 512 size 80 coarsen threshold 460 Card regions per heap region 1 cards per card region 4096
 CPUs: 16 total, 16 available
 Memory: 16202M
 Large Page Support: Disabled
 NUMA Support: Disabled
 Compressed Oops: Enabled (Zero based)
 Heap Region Size: 2M
 Heap Min Capacity: 8M
 Heap Initial Capacity: 254M
 Heap Max Capacity: 4052M
 Pre-touch: Disabled
 Parallel Workers: 13
 Concurrent Workers: 3
 Concurrent Refinement Workers: 13
 Periodic GC: Disabled
Heap:
 garbage-first heap   total reserved 4149248K, committed 92160K, used 77608K [0x0000000702c00000, 0x0000000800000000)
  region size 2048K, 22 young (45056K), 2 survivors (4096K)
 Metaspace       used 81726K, committed 82496K, reserved 1179648K
  class space    used 9671K, committed 9984K, reserved 1048576K
GC Heap History (20 events):
Event: 552.274 GC heap after
{Heap after GC invocations=43 (full 3):
 garbage-first heap   total reserved 4149248K, committed 69632K, used 31668K [0x0000000702c00000, 0x0000000800000000)
  region size 2048K, 0 young (0K), 0 survivors (0K)
 Metaspace       used 80164K, committed 80960K, reserved 1179648K
  class space    used 9525K, committed 9856K, reserved 1048576K
}
Event: 552.545 GC heap before
{Heap before GC invocations=43 (full 3):
 garbage-first heap   total reserved 4149248K, committed 69632K, used 62388K [0x0000000702c00000, 0x0000000800000000)
  region size 2048K, 15 young (30720K), 0 survivors (0K)
 Metaspace       used 80338K, committed 81088K, reserved 1179648K
  class space    used 9543K, committed 9856K, reserved 1048576K
}
Event: 552.548 GC heap after
{Heap after GC invocations=44 (full 3):
 garbage-first heap   total reserved 4149248K, committed 69632K, used 34850K [0x0000000702c00000, 0x0000000800000000)
  region size 2048K, 2 young (4096K), 2 survivors (4096K)
 Metaspace       used 80338K, committed 81088K, reserved 1179648K
  class space    used 9543K, committed 9856K, reserved 1048576K
}
Event: 552.791 GC heap before
{Heap before GC invocations=45 (full 3):
 garbage-first heap   total reserved 4149248K, committed 69632K, used 55330K [0x0000000702c00000, 0x0000000800000000)
  region size 2048K, 13 young (26624K), 2 survivors (4096K)
 Metaspace       used 80374K, committed 81152K, reserved 1179648K
  class space    used 9550K, committed 9856K, reserved 1048576K
}
Event: 552.793 GC heap after
{Heap after GC invocations=46 (full 3):
 garbage-first heap   total reserved 4149248K, committed 69632K, used 36347K [0x0000000702c00000, 0x0000000800000000)
  region size 2048K, 1 young (2048K), 1 survivors (2048K)
 Metaspace       used 80374K, committed 81152K, reserved 1179648K
  class space    used 9550K, committed 9856K, reserved 1048576K
}
Event: 553.003 GC heap before
{Heap before GC invocations=46 (full 3):
 garbage-first heap   total reserved 4149248K, committed 69632K, used 58875K [0x0000000702c00000, 0x0000000800000000)
  region size 2048K, 12 young (24576K), 1 survivors (2048K)
 Metaspace       used 80659K, committed 81408K, reserved 1179648K
  class space    used 9569K, committed 9856K, reserved 1048576K
}
Event: 553.005 GC heap after
{Heap after GC invocations=47 (full 3):
 garbage-first heap   total reserved 4149248K, committed 69632K, used 37837K [0x0000000702c00000, 0x0000000800000000)
  region size 2048K, 2 young (4096K), 2 survivors (4096K)
 Metaspace       used 80659K, committed 81408K, reserved 1179648K
  class space    used 9569K, committed 9856K, reserved 1048576K
}
Event: 553.160 GC heap before
{Heap before GC invocations=47 (full 3):
 garbage-first heap   total reserved 4149248K, committed 69632K, used 56269K [0x0000000702c00000, 0x0000000800000000)
  region size 2048K, 11 young (22528K), 2 survivors (4096K)
 Metaspace       used 80725K, committed 81536K, reserved 1179648K
  class space    used 9576K, committed 9920K, reserved 1048576K
}
Event: 553.161 GC heap after
{Heap after GC invocations=48 (full 3):
 garbage-first heap   total reserved 4149248K, committed 69632K, used 38943K [0x0000000702c00000, 0x0000000800000000)
  region size 2048K, 2 young (4096K), 2 survivors (4096K)
 Metaspace       used 80725K, committed 81536K, reserved 1179648K
  class space    used 9576K, committed 9920K, reserved 1048576K
}
Event: 553.311 GC heap before
{Heap before GC invocations=49 (full 3):
 garbage-first heap   total reserved 4149248K, committed 71680K, used 55327K [0x0000000702c00000, 0x0000000800000000)
  region size 2048K, 10 young (20480K), 2 survivors (4096K)
 Metaspace       used 80754K, committed 81536K, reserved 1179648K
  class space    used 9579K, committed 9920K, reserved 1048576K
}
Event: 553.313 GC heap after
{Heap after GC invocations=50 (full 3):
 garbage-first heap   total reserved 4149248K, committed 71680K, used 39136K [0x0000000702c00000, 0x0000000800000000)
  region size 2048K, 1 young (2048K), 1 survivors (2048K)
 Metaspace       used 80754K, committed 81536K, reserved 1179648K
  class space    used 9579K, committed 9920K, reserved 1048576K
}
Event: 554.730 GC heap before
{Heap before GC invocations=50 (full 3):
 garbage-first heap   total reserved 4149248K, committed 71680K, used 43232K [0x0000000702c00000, 0x0000000800000000)
  region size 2048K, 4 young (8192K), 1 survivors (2048K)
 Metaspace       used 80935K, committed 81728K, reserved 1179648K
  class space    used 9594K, committed 9920K, reserved 1048576K
}
Event: 554.795 GC heap after
{Heap after GC invocations=51 (full 4):
 garbage-first heap   total reserved 4149248K, committed 71680K, used 32234K [0x0000000702c00000, 0x0000000800000000)
  region size 2048K, 0 young (0K), 0 survivors (0K)
 Metaspace       used 80927K, committed 81728K, reserved 1179648K
  class space    used 9592K, committed 9920K, reserved 1048576K
}
Event: 555.085 GC heap before
{Heap before GC invocations=51 (full 4):
 garbage-first heap   total reserved 4149248K, committed 71680K, used 62954K [0x0000000702c00000, 0x0000000800000000)
  region size 2048K, 15 young (30720K), 0 survivors (0K)
 Metaspace       used 81104K, committed 81856K, reserved 1179648K
  class space    used 9611K, committed 9920K, reserved 1048576K
}
Event: 555.088 GC heap after
{Heap after GC invocations=52 (full 4):
 garbage-first heap   total reserved 4149248K, committed 71680K, used 35401K [0x0000000702c00000, 0x0000000800000000)
  region size 2048K, 2 young (4096K), 2 survivors (4096K)
 Metaspace       used 81104K, committed 81856K, reserved 1179648K
  class space    used 9611K, committed 9920K, reserved 1048576K
}
Event: 555.335 GC heap before
{Heap before GC invocations=53 (full 4):
 garbage-first heap   total reserved 4149248K, committed 71680K, used 57929K [0x0000000702c00000, 0x0000000800000000)
  region size 2048K, 13 young (26624K), 2 survivors (4096K)
 Metaspace       used 81140K, committed 81920K, reserved 1179648K
  class space    used 9617K, committed 9920K, reserved 1048576K
}
Event: 555.337 GC heap after
{Heap after GC invocations=54 (full 4):
 garbage-first heap   total reserved 4149248K, committed 71680K, used 36986K [0x0000000702c00000, 0x0000000800000000)
  region size 2048K, 1 young (2048K), 1 survivors (2048K)
 Metaspace       used 81140K, committed 81920K, reserved 1179648K
  class space    used 9617K, committed 9920K, reserved 1048576K
}
Event: 555.571 GC heap before
{Heap before GC invocations=54 (full 4):
 garbage-first heap   total reserved 4149248K, committed 71680K, used 59514K [0x0000000702c00000, 0x0000000800000000)
  region size 2048K, 12 young (24576K), 1 survivors (2048K)
 Metaspace       used 81412K, committed 82240K, reserved 1179648K
  class space    used 9638K, committed 9984K, reserved 1048576K
}
Event: 555.573 GC heap after
{Heap after GC invocations=55 (full 4):
 garbage-first heap   total reserved 4149248K, committed 92160K, used 38696K [0x0000000702c00000, 0x0000000800000000)
  region size 2048K, 2 young (4096K), 2 survivors (4096K)
 Metaspace       used 81412K, committed 82240K, reserved 1179648K
  class space    used 9638K, committed 9984K, reserved 1048576K
}
Event: 563.441 GC heap before
{Heap before GC invocations=55 (full 4):
 garbage-first heap   total reserved 4149248K, committed 92160K, used 77608K [0x0000000702c00000, 0x0000000800000000)
  region size 2048K, 22 young (45056K), 2 survivors (4096K)
 Metaspace       used 81726K, committed 82496K, reserved 1179648K
  class space    used 9671K, committed 9984K, reserved 1048576K
}

